This is pdfTeX, Version 3.14159265-2.6-1.40.18 (MiKTeX 2.9.6500 64-bit) (preloaded format=pdflatex 2017.12.3)  16 DEC 2017 22:39
entering extended mode
**./report.tex
(report.tex
LaTeX2e <2017-04-15>
Babel <3.15> and hyphenation patterns for 75 language(s) loaded.
\@input{settings.aux}
\openout2 = `settings.aux'.

(settings.tex ("C:\Program Files\MiKTeX 2.9\tex\latex\extsizes\extarticle.cls"
Document Class: extarticle 1996/10/08 v1.0 Non Standard LaTeX document class
("C:\Program Files\MiKTeX 2.9\tex\latex\base\size12.clo"
File: size12.clo 2014/09/29 v1.4h Standard LaTeX file (size option)
)
("C:\Program Files\MiKTeX 2.9\tex\latex\base\exscale.sty"
Package: exscale 2014/09/29 v2.1h Standard LaTeX package exscale
LaTeX Font Info:    Redeclaring symbol font `largesymbols' on input line 57.
LaTeX Font Info:    Overwriting symbol font `largesymbols' in version `normal'
(Font)                  OMX/cmex/m/n --> OMX/cmex/m/n on input line 57.
LaTeX Font Info:    Overwriting symbol font `largesymbols' in version `bold'
(Font)                  OMX/cmex/m/n --> OMX/cmex/m/n on input line 57.
\big@size=\dimen102
)
\c@part=\count79
\c@section=\count80
\c@subsection=\count81
\c@subsubsection=\count82
\c@paragraph=\count83
\c@subparagraph=\count84
\c@figure=\count85
\c@table=\count86
\abovecaptionskip=\skip41
\belowcaptionskip=\skip42
\bibindent=\dimen103
)
("C:\Program Files\MiKTeX 2.9\tex\latex\base\inputenc.sty"
Package: inputenc 2015/03/17 v1.2c Input encoding file
\inpenc@prehook=\toks14
\inpenc@posthook=\toks15

("C:\Program Files\MiKTeX 2.9\tex\latex\ucs\utf8x.def"
File: utf8x.def 2004/10/17 UCS: Input encoding UTF-8
))
("C:\Program Files\MiKTeX 2.9\tex\latex\ucs\ucs.sty"
Package: ucs 2013/05/11 v2.2 UCS: Unicode input support

("C:\Program Files\MiKTeX 2.9\tex\latex\ucs\uni-global.def"
File: uni-global.def 2013/05/13 UCS: Unicode global data
)
\uc@secondtry=\count87
\uc@combtoks=\toks16
\uc@combtoksb=\toks17
\uc@temptokena=\toks18
)
("C:\Program Files\MiKTeX 2.9\tex\latex\base\fontenc.sty"
Package: fontenc 2017/04/05 v2.0i Standard LaTeX package

("C:\Program Files\MiKTeX 2.9\tex\latex\base\t1enc.def"
File: t1enc.def 2017/04/05 v2.0i Standard LaTeX file
LaTeX Font Info:    Redeclaring font encoding T1 on input line 48.
)
("C:\Program Files\MiKTeX 2.9\tex\latex\cyrillic\t2aenc.def"
File: t2aenc.def 2005/09/27 v1.0i Cyrillic encoding definition file
)
LaTeX Font Info:    Try loading font information for T2A+cmr on input line 105.


("C:\Program Files\MiKTeX 2.9\tex\latex\cyrillic\t2acmr.fd"
File: t2acmr.fd 2001/08/11 v1.0a Computer Modern Cyrillic font definitions
))
("C:\Program Files\MiKTeX 2.9\tex\generic\babel\babel.sty"
Package: babel 2017/11/03 3.15 The Babel package

("C:\Program Files\MiKTeX 2.9\tex\generic\babel\switch.def"
File: switch.def 2017/11/03 3.15 Babel switching mechanism
)
*************************************
* Local config file bblopts.cfg used
*
("C:\Program Files\MiKTeX 2.9\tex\latex\arabi\bblopts.cfg"
File: bblopts.cfg 2005/09/08 v0.1 add Arabic and Farsi to "declared" options of
 babel
)
("C:\Program Files\MiKTeX 2.9\tex\latex\babel-russian\russianb.ldf"
Language: russian 2017/08/12 1.3j Russian support for the Babel system

("C:\Program Files\MiKTeX 2.9\tex\generic\babel\babel.def"
File: babel.def 2017/11/03 3.15 Babel common definitions

("C:\Program Files\MiKTeX 2.9\tex\generic\babel\switch.def"
File: switch.def 2017/11/03 3.15 Babel switching mechanism
)
\babel@savecnt=\count88
\U@D=\dimen104
)
Package babel Info: Making " an active character on input line 120.
Package babel Info: Default for \cyrdash is provided on input line 157.
))
("C:\Program Files\MiKTeX 2.9\tex\latex\hyperref\hyperref.sty"
Package: hyperref 2017/03/14 v6.85a Hypertext links for LaTeX

("C:\Program Files\MiKTeX 2.9\tex\generic\oberdiek\hobsub-hyperref.sty"
Package: hobsub-hyperref 2016/05/16 v1.14 Bundle oberdiek, subset hyperref (HO)


("C:\Program Files\MiKTeX 2.9\tex\generic\oberdiek\hobsub-generic.sty"
Package: hobsub-generic 2016/05/16 v1.14 Bundle oberdiek, subset generic (HO)
Package: hobsub 2016/05/16 v1.14 Construct package bundles (HO)
Package: infwarerr 2016/05/16 v1.4 Providing info/warning/error messages (HO)
Package: ltxcmds 2016/05/16 v1.23 LaTeX kernel commands for general use (HO)
Package: ifluatex 2016/05/16 v1.4 Provides the ifluatex switch (HO)
Package ifluatex Info: LuaTeX not detected.
Package: ifvtex 2016/05/16 v1.6 Detect VTeX and its facilities (HO)
Package ifvtex Info: VTeX not detected.
Package: intcalc 2016/05/16 v1.2 Expandable calculations with integers (HO)
Package: ifpdf 2017/03/15 v3.2 Provides the ifpdf switch
Package: etexcmds 2016/05/16 v1.6 Avoid name clashes with e-TeX commands (HO)
Package etexcmds Info: Could not find \expanded.
(etexcmds)             That can mean that you are not using pdfTeX 1.50 or
(etexcmds)             that some package has redefined \expanded.
(etexcmds)             In the latter case, load this package earlier.
Package: kvsetkeys 2016/05/16 v1.17 Key value parser (HO)
Package: kvdefinekeys 2016/05/16 v1.4 Define keys (HO)
Package: pdftexcmds 2017/03/19 v0.25 Utility functions of pdfTeX for LuaTeX (HO
)
Package pdftexcmds Info: LuaTeX not detected.
Package pdftexcmds Info: \pdf@primitive is available.
Package pdftexcmds Info: \pdf@ifprimitive is available.
Package pdftexcmds Info: \pdfdraftmode found.
Package: pdfescape 2016/05/16 v1.14 Implements pdfTeX's escape features (HO)
Package: bigintcalc 2016/05/16 v1.4 Expandable calculations on big integers (HO
)
Package: bitset 2016/05/16 v1.2 Handle bit-vector datatype (HO)
Package: uniquecounter 2016/05/16 v1.3 Provide unlimited unique counter (HO)
)
Package hobsub Info: Skipping package `hobsub' (already loaded).
Package: letltxmacro 2016/05/16 v1.5 Let assignment for LaTeX macros (HO)
Package: hopatch 2016/05/16 v1.3 Wrapper for package hooks (HO)
Package: xcolor-patch 2016/05/16 xcolor patch
Package: atveryend 2016/05/16 v1.9 Hooks at the very end of document (HO)
Package atveryend Info: \enddocument detected (standard20110627).
Package: atbegshi 2016/06/09 v1.18 At begin shipout hook (HO)
Package: refcount 2016/05/16 v3.5 Data extraction from label references (HO)
Package: hycolor 2016/05/16 v1.8 Color options for hyperref/bookmark (HO)
)
("C:\Program Files\MiKTeX 2.9\tex\latex\graphics\keyval.sty"
Package: keyval 2014/10/28 v1.15 key=value parser (DPC)
\KV@toks@=\toks19
)
("C:\Program Files\MiKTeX 2.9\tex\generic\ifxetex\ifxetex.sty"
Package: ifxetex 2010/09/12 v0.6 Provides ifxetex conditional
)
("C:\Program Files\MiKTeX 2.9\tex\latex\oberdiek\auxhook.sty"
Package: auxhook 2016/05/16 v1.4 Hooks for auxiliary files (HO)
)
("C:\Program Files\MiKTeX 2.9\tex\latex\oberdiek\kvoptions.sty"
Package: kvoptions 2016/05/16 v3.12 Key value format for package options (HO)
)
\@linkdim=\dimen105
\Hy@linkcounter=\count89
\Hy@pagecounter=\count90

("C:\Program Files\MiKTeX 2.9\tex\latex\hyperref\pd1enc.def"
File: pd1enc.def 2017/03/14 v6.85a Hyperref: PDFDocEncoding definition (HO)
)
\Hy@SavedSpaceFactor=\count91
Package hyperref Info: Option `unicode' set `true' on input line 3453.

("C:\Program Files\MiKTeX 2.9\tex\latex\hyperref\puenc.def"
File: puenc.def 2017/03/14 v6.85a Hyperref: PDF Unicode definition (HO)
)
("C:\Program Files\MiKTeX 2.9\tex\latex\00miktex\hyperref.cfg"
File: hyperref.cfg 2002/06/06 v1.2 hyperref configuration of TeXLive
)
Package hyperref Info: Hyper figures OFF on input line 4498.
Package hyperref Info: Link nesting OFF on input line 4503.
Package hyperref Info: Hyper index ON on input line 4506.
Package hyperref Info: Plain pages OFF on input line 4513.
Package hyperref Info: Backreferencing OFF on input line 4518.
Package hyperref Info: Implicit mode ON; LaTeX internals redefined.
Package hyperref Info: Bookmarks ON on input line 4751.
\c@Hy@tempcnt=\count92

("C:\Program Files\MiKTeX 2.9\tex\latex\url\url.sty"
\Urlmuskip=\muskip10
Package: url 2013/09/16  ver 3.4  Verb mode for urls, etc.
)
LaTeX Info: Redefining \url on input line 5104.
\XeTeXLinkMargin=\dimen106
\Fld@menulength=\count93
\Field@Width=\dimen107
\Fld@charsize=\dimen108
Package hyperref Info: Hyper figures OFF on input line 6358.
Package hyperref Info: Link nesting OFF on input line 6363.
Package hyperref Info: Hyper index ON on input line 6366.
Package hyperref Info: backreferencing OFF on input line 6373.
Package hyperref Info: Link coloring OFF on input line 6378.
Package hyperref Info: Link coloring with OCG OFF on input line 6383.
Package hyperref Info: PDF/A mode OFF on input line 6388.
LaTeX Info: Redefining \ref on input line 6428.
LaTeX Info: Redefining \pageref on input line 6432.
\Hy@abspage=\count94
\c@Item=\count95
\c@Hfootnote=\count96
)

Package hyperref Message: Driver (autodetected): hpdftex.

("C:\Program Files\MiKTeX 2.9\tex\latex\hyperref\hpdftex.def"
File: hpdftex.def 2017/03/14 v6.85a Hyperref driver for pdfTeX
\Fld@listcount=\count97
\c@bookmark@seq@number=\count98

("C:\Program Files\MiKTeX 2.9\tex\latex\oberdiek\rerunfilecheck.sty"
Package: rerunfilecheck 2016/05/16 v1.8 Rerun checks for auxiliary files (HO)
Package uniquecounter Info: New unique counter `rerunfilecheck' on input line 2
82.
)
\Hy@SectionHShift=\skip43
)
("C:\Program Files\MiKTeX 2.9\tex\latex\tools\indentfirst.sty"
Package: indentfirst 1995/11/23 v1.03 Indent first paragraph (DPC)
)
("C:\Program Files\MiKTeX 2.9\tex\latex\listings\listings.sty"
\lst@mode=\count99
\lst@gtempboxa=\box26
\lst@token=\toks20
\lst@length=\count100
\lst@currlwidth=\dimen109
\lst@column=\count101
\lst@pos=\count102
\lst@lostspace=\dimen110
\lst@width=\dimen111
\lst@newlines=\count103
\lst@lineno=\count104
\lst@maxwidth=\dimen112

("C:\Program Files\MiKTeX 2.9\tex\latex\listings\lstmisc.sty"
File: lstmisc.sty 2015/06/04 1.6 (Carsten Heinz)
\c@lstnumber=\count105
\lst@skipnumbers=\count106
\lst@framebox=\box27
)
("C:\Program Files\MiKTeX 2.9\tex\latex\listings\listings.cfg"
File: listings.cfg 2015/06/04 1.6 listings configuration
))
Package: listings 2015/06/04 1.6 (Carsten Heinz)

("C:\Program Files\MiKTeX 2.9\tex\latex\graphics\color.sty"
Package: color 2016/07/10 v1.1e Standard LaTeX Color (DPC)

("C:\Program Files\MiKTeX 2.9\tex\latex\graphics-cfg\color.cfg"
File: color.cfg 2016/01/02 v1.6 sample color configuration
)
Package color Info: Driver file: pdftex.def on input line 147.

("C:\Program Files\MiKTeX 2.9\tex\latex\graphics-def\pdftex.def"
File: pdftex.def 2017/06/24 v1.0g Graphics/color driver for pdftex
))
("C:\Program Files\MiKTeX 2.9\tex\latex\ltxmisc\here.sty")
("C:\Program Files\MiKTeX 2.9\tex\latex\tools\array.sty"
Package: array 2016/10/06 v2.4d Tabular extension package (FMi)
\col@sep=\dimen113
\extrarowheight=\dimen114
\NC@list=\toks21
\extratabsurround=\skip44
\backup@length=\skip45
)
("C:\Program Files\MiKTeX 2.9\tex\latex\multirow\multirow.sty"
Package: multirow 2016/11/25 v2.2 Span multiple rows of a table
\multirow@colwidth=\skip46
\multirow@cntb=\count107
\multirow@dima=\skip47
\bigstrutjot=\dimen115
)
("C:\Program Files\MiKTeX 2.9\tex\latex\graphics\graphicx.sty"
Package: graphicx 2017/06/01 v1.1a Enhanced LaTeX Graphics (DPC,SPQR)

("C:\Program Files\MiKTeX 2.9\tex\latex\graphics\graphics.sty"
Package: graphics 2017/06/25 v1.2c Standard LaTeX Graphics (DPC,SPQR)

("C:\Program Files\MiKTeX 2.9\tex\latex\graphics\trig.sty"
Package: trig 2016/01/03 v1.10 sin cos tan (DPC)
)
("C:\Program Files\MiKTeX 2.9\tex\latex\graphics-cfg\graphics.cfg"
File: graphics.cfg 2016/06/04 v1.11 sample graphics configuration
)
Package graphics Info: Driver file: pdftex.def on input line 99.
)
\Gin@req@height=\dimen116
\Gin@req@width=\dimen117
)
("C:\Program Files\MiKTeX 2.9\tex\latex\caption\caption.sty"
Package: caption 2016/02/21 v3.3-144 Customizing captions (AR)

("C:\Program Files\MiKTeX 2.9\tex\latex\caption\caption3.sty"
Package: caption3 2016/05/22 v1.7-166 caption3 kernel (AR)
Package caption3 Info: TeX engine: e-TeX on input line 67.
\captionmargin=\dimen118
\captionmargin@=\dimen119
\captionwidth=\dimen120
\caption@tempdima=\dimen121
\caption@indent=\dimen122
\caption@parindent=\dimen123
\caption@hangindent=\dimen124
)
\c@ContinuedFloat=\count108
Package caption Info: hyperref package is loaded.
Package caption Info: listings package is loaded.
)
("C:\Program Files\MiKTeX 2.9\tex\latex\listings\lstlang1.sty"
File: lstlang1.sty 2015/06/04 1.6 listings language file
)
("C:\Program Files\MiKTeX 2.9\tex\latex\listings\lstmisc.sty"
File: lstmisc.sty 2015/06/04 1.6 (Carsten Heinz)
)
("C:\Program Files\MiKTeX 2.9\tex\latex\geometry\geometry.sty"
Package: geometry 2010/09/12 v5.6 Page Geometry
\Gm@cnth=\count109
\Gm@cntv=\count110
\c@Gm@tempcnt=\count111
\Gm@bindingoffset=\dimen125
\Gm@wd@mp=\dimen126
\Gm@odd@mp=\dimen127
\Gm@even@mp=\dimen128
\Gm@layoutwidth=\dimen129
\Gm@layoutheight=\dimen130
\Gm@layouthoffset=\dimen131
\Gm@layoutvoffset=\dimen132
\Gm@dimlist=\toks22

("C:\Program Files\MiKTeX 2.9\tex\latex\geometry\geometry.cfg"))
("C:\Program Files\MiKTeX 2.9\tex\latex\chngcntr\chngcntr.sty"
Package: chngcntr 2009/09/02 v1.0a change counter resetting
)
("C:\Program Files\MiKTeX 2.9\tex\latex\titlesec\titlesec.sty"
Package: titlesec 2016/03/21 v2.10.2 Sectioning titles
\ttl@box=\box28
\beforetitleunit=\skip48
\aftertitleunit=\skip49
\ttl@plus=\dimen133
\ttl@minus=\dimen134
\ttl@toksa=\toks23
\titlewidth=\dimen135
\titlewidthlast=\dimen136
\titlewidthfirst=\dimen137
)
("C:\Program Files\MiKTeX 2.9\tex\latex\titlesec\titletoc.sty"
Package: titletoc 2011/12/15 v1.6 TOC entries
\ttl@leftsep=\dimen138
)) (report.aux
(titlepage.aux))
\openout1 = `report.aux'.

LaTeX Font Info:    Checking defaults for OML/cmm/m/it on input line 3.
LaTeX Font Info:    ... okay on input line 3.
LaTeX Font Info:    Checking defaults for T1/cmr/m/n on input line 3.
LaTeX Font Info:    ... okay on input line 3.
LaTeX Font Info:    Checking defaults for OT1/cmr/m/n on input line 3.
LaTeX Font Info:    ... okay on input line 3.
LaTeX Font Info:    Checking defaults for OMS/cmsy/m/n on input line 3.
LaTeX Font Info:    ... okay on input line 3.
LaTeX Font Info:    Checking defaults for OMX/cmex/m/n on input line 3.
LaTeX Font Info:    ... okay on input line 3.
LaTeX Font Info:    Checking defaults for U/cmr/m/n on input line 3.
LaTeX Font Info:    ... okay on input line 3.
LaTeX Font Info:    Checking defaults for T2A/cmr/m/n on input line 3.
LaTeX Font Info:    ... okay on input line 3.
LaTeX Font Info:    Checking defaults for PD1/pdf/m/n on input line 3.
LaTeX Font Info:    ... okay on input line 3.
LaTeX Font Info:    Checking defaults for PU/pdf/m/n on input line 3.
LaTeX Font Info:    ... okay on input line 3.
 ("C:\Program Files\MiKTeX 2.9\tex\latex\ucs\ucsencs.def"
File: ucsencs.def 2011/01/21 Fixes to fontencodings LGR, T3
)
\AtBeginShipoutBox=\box29
Package hyperref Info: Link coloring OFF on input line 3.

("C:\Program Files\MiKTeX 2.9\tex\latex\hyperref\nameref.sty"
Package: nameref 2016/05/21 v2.44 Cross-referencing by name of section

("C:\Program Files\MiKTeX 2.9\tex\generic\oberdiek\gettitlestring.sty"
Package: gettitlestring 2016/05/16 v1.5 Cleanup title references (HO)
)
\c@section@level=\count112
)
LaTeX Info: Redefining \ref on input line 3.
LaTeX Info: Redefining \pageref on input line 3.
LaTeX Info: Redefining \nameref on input line 3.

(report.out) (report.out)
\@outlinefile=\write3
\openout3 = `report.out'.

\c@lstlisting=\count113

("C:\Program Files\MiKTeX 2.9\tex\context\base\supp-pdf.mkii"
[Loading MPS to PDF converter (version 2006.09.02).]
\scratchcounter=\count114
\scratchdimen=\dimen139
\scratchbox=\box30
\nofMPsegments=\count115
\nofMParguments=\count116
\everyMPshowfont=\toks24
\MPscratchCnt=\count117
\MPscratchDim=\dimen140
\MPnumerator=\count118
\makeMPintoPDFobject=\count119
\everyMPtoPDFconversion=\toks25
) ("C:\Program Files\MiKTeX 2.9\tex\latex\oberdiek\epstopdf-base.sty"
Package: epstopdf-base 2016/05/15 v2.6 Base part for package epstopdf

("C:\Program Files\MiKTeX 2.9\tex\latex\oberdiek\grfext.sty"
Package: grfext 2016/05/16 v1.2 Manage graphics extensions (HO)
)
Package epstopdf-base Info: Redefining graphics rule for `.eps' on input line 4
38.
Package grfext Info: Graphics extension search list:
(grfext)             [.pdf,.png,.jpg,.mps,.jpeg,.jbig2,.jb2,.PDF,.PNG,.JPG,.JPE
G,.JBIG2,.JB2,.eps]
(grfext)             \AppendGraphicsExtensions on input line 456.
)
Package caption Info: Begin \AtBeginDocument code.
Package caption Info: End \AtBeginDocument code.

*geometry* driver: auto-detecting
*geometry* detected driver: pdftex
*geometry* verbose mode - [ preamble ] result:
* driver: pdftex
* paper: a4paper
* layout: <same size as paper>
* layoutoffset:(h,v)=(0.0pt,0.0pt)
* modes: 
* h-part:(L,W,R)=(56.9055pt, 483.69687pt, 56.9055pt)
* v-part:(T,H,B)=(56.9055pt, 731.23584pt, 56.9055pt)
* \paperwidth=597.50787pt
* \paperheight=845.04684pt
* \textwidth=483.69687pt
* \textheight=731.23584pt
* \oddsidemargin=-15.36449pt
* \evensidemargin=-15.36449pt
* \topmargin=-52.36449pt
* \headheight=12.0pt
* \headsep=25.0pt
* \topskip=12.0pt
* \footskip=30.0pt
* \marginparwidth=35.0pt
* \marginparsep=10.0pt
* \columnsep=10.0pt
* \skip\footins=10.8pt plus 4.0pt minus 2.0pt
* \hoffset=0.0pt
* \voffset=0.0pt
* \mag=1000
* \@twocolumnfalse
* \@twosidefalse
* \@mparswitchfalse
* \@reversemarginfalse
* (1in=72.27pt=25.4mm, 1cm=28.453pt)

\openout2 = `titlepage.aux'.

(titlepage.tex ("C:\Program Files\MiKTeX 2.9\tex\latex\ucs\uni-4.def"
File: uni-4.def 2013/05/13 UCS: Unicode data U+0400..U+04FF
)
LaTeX Font Info:    External font `cmex7' loaded for size
(Font)              <6> on input line 29.
Package babel Info: Redefining russian shorthand "|
(babel)             in language append on input line 40.
Package babel Info: Redefining russian shorthand "~
(babel)             in language append on input line 40.
Package babel Info: Redefining russian shorthand "|
(babel)             in language append on input line 40.
Package babel Info: Redefining russian shorthand "~
(babel)             in language append on input line 40.
 [1




{C:/Users/Lidia/AppData/Local/MiKTeX/2.9/pdftex/config/pdftex.map}])
Package babel Info: Redefining russian shorthand "|
(babel)             in language append on input line 19.
Package babel Info: Redefining russian shorthand "~
(babel)             in language append on input line 19.
Package babel Info: Redefining russian shorthand "|
(babel)             in language append on input line 23.
Package babel Info: Redefining russian shorthand "~
(babel)             in language append on input line 23.
LaTeX Font Info:    Try loading font information for OMS+cmr on input line 28.

("C:\Program Files\MiKTeX 2.9\tex\latex\base\omscmr.fd"
File: omscmr.fd 2014/09/29 v2.5h Standard LaTeX font definitions
)
LaTeX Font Info:    Font shape `OMS/cmr/m/n' in size <12> not available
(Font)              Font shape `OMS/cmsy/m/n' tried instead on input line 28.

("C:\Program Files\MiKTeX 2.9\tex\latex\ucs\uni-32.def"
File: uni-32.def 2013/05/13 UCS: Unicode data U+2000..U+20FF
)
Package babel Info: Redefining russian shorthand "|
(babel)             in language append on input line 54.
Package babel Info: Redefining russian shorthand "~
(babel)             in language append on input line 54.
Package babel Info: Redefining russian shorthand "|
(babel)             in language append on input line 59.
Package babel Info: Redefining russian shorthand "~
(babel)             in language append on input line 59.
Package babel Info: Redefining russian shorthand "|
(babel)             in language append on input line 59.
Package babel Info: Redefining russian shorthand "~
(babel)             in language append on input line 59.
pdfTeX warning (ext4): destination with the same identifier (name{page.1}) has 
been already used, duplicate ignored
<to be read again> 
                   \relax 
l.59 
      [1

]
Package hyperref Info: bookmark level for unknown lstlisting defaults to 0 on i
nput line 64.
 (listings/theory.cpp
LaTeX Font Info:    External font `cmex7' loaded for size
(Font)              <7> on input line 1.
LaTeX Font Info:    External font `cmex7' loaded for size
(Font)              <5> on input line 1.
) (listings/theory.cpp
LaTeX Font Info:    Font shape `OMS/cmr/m/n' in size <10> not available
(Font)              Font shape `OMS/cmsy/m/n' tried instead on input line 2.
) (listings/theory.cpp)
Overfull \hbox (4.91095pt too wide) in paragraph at lines 95--96
[]\T2A/cmr/m/n/12 Завершение уста-нов-лен-но-го TCP-соединения осу-ществ-ля-ет-
ся в биб-лио-те-ке BSD-socket
 []

(listings/theory.cpp) (listings/theory.cpp)
Package babel Info: Redefining russian shorthand "|
(babel)             in language append on input line 120.
Package babel Info: Redefining russian shorthand "~
(babel)             in language append on input line 120.
Package babel Info: Redefining russian shorthand "|
(babel)             in language append on input line 120.
Package babel Info: Redefining russian shorthand "~
(babel)             in language append on input line 120.
 [2] (listings/tcp_server_linux.c
Package babel Info: Redefining russian shorthand "|
(babel)             in language append on input line 16.
Package babel Info: Redefining russian shorthand "~
(babel)             in language append on input line 16.
Package babel Info: Redefining russian shorthand "|
(babel)             in language append on input line 16.
Package babel Info: Redefining russian shorthand "~
(babel)             in language append on input line 16.

[3]
Package babel Info: Redefining russian shorthand "|
(babel)             in language append on input line 61.
Package babel Info: Redefining russian shorthand "~
(babel)             in language append on input line 61.
Package babel Info: Redefining russian shorthand "|
(babel)             in language append on input line 61.
Package babel Info: Redefining russian shorthand "~
(babel)             in language append on input line 61.
 [4]) (listings/tcp_client_linux.c
Package babel Info: Redefining russian shorthand "|
(babel)             in language append on input line 22.
Package babel Info: Redefining russian shorthand "~
(babel)             in language append on input line 22.
Package babel Info: Redefining russian shorthand "|
(babel)             in language append on input line 22.
Package babel Info: Redefining russian shorthand "~
(babel)             in language append on input line 22.
 [5]
Package babel Info: Redefining russian shorthand "|
(babel)             in language append on input line 67.
Package babel Info: Redefining russian shorthand "~
(babel)             in language append on input line 67.
Package babel Info: Redefining russian shorthand "|
(babel)             in language append on input line 67.
Package babel Info: Redefining russian shorthand "~
(babel)             in language append on input line 67.
 [6])
Package babel Info: Redefining russian shorthand "|
(babel)             in language append on input line 153.
Package babel Info: Redefining russian shorthand "~
(babel)             in language append on input line 153.
 (listings/theory.cpp)
Package babel Info: Redefining russian shorthand "|
(babel)             in language append on input line 171.
Package babel Info: Redefining russian shorthand "~
(babel)             in language append on input line 171.
Package babel Info: Redefining russian shorthand "|
(babel)             in language append on input line 171.
Package babel Info: Redefining russian shorthand "~
(babel)             in language append on input line 171.
 [7]
(listings/udp_server_win.c
Package babel Info: Redefining russian shorthand "|
(babel)             in language append on input line 26.
Package babel Info: Redefining russian shorthand "~
(babel)             in language append on input line 26.
Package babel Info: Redefining russian shorthand "|
(babel)             in language append on input line 26.
Package babel Info: Redefining russian shorthand "~
(babel)             in language append on input line 26.
 [8]
LaTeX Font Info:    Font shape `OMS/cmr/m/it' in size <10> not available
(Font)              Font shape `OMS/cmsy/m/n' tried instead on input line 26.
)
Package babel Info: Redefining russian shorthand "|
(babel)             in language append on input line 194.
Package babel Info: Redefining russian shorthand "~
(babel)             in language append on input line 194.
Package babel Info: Redefining russian shorthand "|
(babel)             in language append on input line 194.
Package babel Info: Redefining russian shorthand "~
(babel)             in language append on input line 194.
 [9] (listings/udp_client_win.c
Package babel Info: Redefining russian shorthand "|
(babel)             in language append on input line 45.
Package babel Info: Redefining russian shorthand "~
(babel)             in language append on input line 45.
Package babel Info: Redefining russian shorthand "|
(babel)             in language append on input line 45.
Package babel Info: Redefining russian shorthand "~
(babel)             in language append on input line 45.
 [10])
Package babel Info: Redefining russian shorthand "|
(babel)             in language append on input line 203.
Package babel Info: Redefining russian shorthand "~
(babel)             in language append on input line 203.
Package babel Info: Redefining russian shorthand "|
(babel)             in language append on input line 206.
Package babel Info: Redefining russian shorthand "~
(babel)             in language append on input line 206.
Package babel Info: Redefining russian shorthand "|
(babel)             in language append on input line 206.
Package babel Info: Redefining russian shorthand "~
(babel)             in language append on input line 206.
 [11]
(listings/mult.c
Package babel Info: Redefining russian shorthand "|
(babel)             in language append on input line 36.
Package babel Info: Redefining russian shorthand "~
(babel)             in language append on input line 36.
Package babel Info: Redefining russian shorthand "|
(babel)             in language append on input line 36.
Package babel Info: Redefining russian shorthand "~
(babel)             in language append on input line 36.
 [12]
Package babel Info: Redefining russian shorthand "|
(babel)             in language append on input line 83.
Package babel Info: Redefining russian shorthand "~
(babel)             in language append on input line 83.
Package babel Info: Redefining russian shorthand "|
(babel)             in language append on input line 83.
Package babel Info: Redefining russian shorthand "~
(babel)             in language append on input line 83.
 [13])
Package babel Info: Redefining russian shorthand "|
(babel)             in language append on input line 219.
Package babel Info: Redefining russian shorthand "~
(babel)             in language append on input line 219.
Package babel Info: Redefining russian shorthand "|
(babel)             in language append on input line 221.
Package babel Info: Redefining russian shorthand "~
(babel)             in language append on input line 221.
Package babel Info: Redefining russian shorthand "|
(babel)             in language append on input line 225.
Package babel Info: Redefining russian shorthand "~
(babel)             in language append on input line 225.
Package babel Info: Redefining russian shorthand "|
(babel)             in language append on input line 249.
Package babel Info: Redefining russian shorthand "~
(babel)             in language append on input line 249.
Package babel Info: Redefining russian shorthand "|
(babel)             in language append on input line 249.
Package babel Info: Redefining russian shorthand "~
(babel)             in language append on input line 249.
 [14]
Package babel Info: Redefining russian shorthand "|
(babel)             in language append on input line 258.
Package babel Info: Redefining russian shorthand "~
(babel)             in language append on input line 258.

Overfull \hbox (0.28157pt too wide) in paragraph at lines 262--263
[]\T2A/cmr/m/n/12 Разработанное кли-ент-ское при-ло-же-ние долж-но предо-став-л
ять поль-зо-ва-те-лю воз-мож-
 []

Package babel Info: Redefining russian shorthand "|
(babel)             in language append on input line 268.
Package babel Info: Redefining russian shorthand "~
(babel)             in language append on input line 268.
Package babel Info: Redefining russian shorthand "|
(babel)             in language append on input line 292.
Package babel Info: Redefining russian shorthand "~
(babel)             in language append on input line 292.
Package babel Info: Redefining russian shorthand "|
(babel)             in language append on input line 292.
Package babel Info: Redefining russian shorthand "~
(babel)             in language append on input line 292.
[15]
Overfull \hbox (10.79903pt too wide) in paragraph at lines 309--310
\T2A/cmr/m/n/12 ста>.txt, а за-тем свер-ка от-ве-тов c пра-виль-ны-ми от-ве-та-
ми те-ста из фай-ла anstest<номер
 []

Package babel Info: Redefining russian shorthand "|
(babel)             in language append on input line 327.
Package babel Info: Redefining russian shorthand "~
(babel)             in language append on input line 327.
Package babel Info: Redefining russian shorthand "|
(babel)             in language append on input line 327.
Package babel Info: Redefining russian shorthand "~
(babel)             in language append on input line 327.
[16]
Package babel Info: Redefining russian shorthand "|
(babel)             in language append on input line 366.
Package babel Info: Redefining russian shorthand "~
(babel)             in language append on input line 366.
Package babel Info: Redefining russian shorthand "|
(babel)             in language append on input line 378.
Package babel Info: Redefining russian shorthand "~
(babel)             in language append on input line 378.
Package babel Info: Redefining russian shorthand "|
(babel)             in language append on input line 378.
Package babel Info: Redefining russian shorthand "~
(babel)             in language append on input line 378.
 [17]
Package babel Info: Redefining russian shorthand "|
(babel)             in language append on input line 383.
Package babel Info: Redefining russian shorthand "~
(babel)             in language append on input line 383.
Package babel Info: Redefining russian shorthand "|
(babel)             in language append on input line 386.
Package babel Info: Redefining russian shorthand "~
(babel)             in language append on input line 386.
Package babel Info: Redefining russian shorthand "|
(babel)             in language append on input line 386.
Package babel Info: Redefining russian shorthand "~
(babel)             in language append on input line 386.
 [18]
Package babel Info: Redefining russian shorthand "|
(babel)             in language append on input line 393.
Package babel Info: Redefining russian shorthand "~
(babel)             in language append on input line 393.
Package babel Info: Redefining russian shorthand "|
(babel)             in language append on input line 396.
Package babel Info: Redefining russian shorthand "~
(babel)             in language append on input line 396.
Package babel Info: Redefining russian shorthand "|
(babel)             in language append on input line 396.
Package babel Info: Redefining russian shorthand "~
(babel)             in language append on input line 396.
 [19]
Package babel Info: Redefining russian shorthand "|
(babel)             in language append on input line 397.
Package babel Info: Redefining russian shorthand "~
(babel)             in language append on input line 397.
Package babel Info: Redefining russian shorthand "|
(babel)             in language append on input line 401.
Package babel Info: Redefining russian shorthand "~
(babel)             in language append on input line 401.
<fig/http.png, id=670, 846.91406pt x 446.41782pt>
File: fig/http.png Graphic file (type png)
<use fig/http.png>
Package pdftex.def Info: fig/http.png  used on input line 421. on input line 42
1.
Package pdftex.def Info: Requested size: 592.83582pt x 312.49033pt on input lin
e 421.

Overfull \hbox (109.13895pt too wide) in paragraph at lines 421--422
 [] 
 []

Package babel Info: Redefining russian shorthand "|
(babel)             in language append on input line 426.
Package babel Info: Redefining russian shorthand "~
(babel)             in language append on input line 426.
Package babel Info: Redefining russian shorthand "|
(babel)             in language append on input line 426.
Package babel Info: Redefining russian shorthand "~
(babel)             in language append on input line 426.
[20]
Package babel Info: Redefining russian shorthand "|
(babel)             in language append on input line 427.
Package babel Info: Redefining russian shorthand "~
(babel)             in language append on input line 427.
<fig/ftp1.png, id=683, 482.55281pt x 459.96844pt>
File: fig/ftp1.png Graphic file (type png)
<use fig/ftp1.png>
Package pdftex.def Info: fig/ftp1.png  used on input line 444. on input line 44
4.
Package pdftex.def Info: Requested size: 337.78465pt x 321.97571pt on input lin
e 444.
Package babel Info: Redefining russian shorthand "|
(babel)             in language append on input line 449.
Package babel Info: Redefining russian shorthand "~
(babel)             in language append on input line 449.
Package babel Info: Redefining russian shorthand "|
(babel)             in language append on input line 449.
Package babel Info: Redefining russian shorthand "~
(babel)             in language append on input line 449.
 [21 <./fig/http.png>]
<fig/ftp2.png, id=693, 460.72125pt x 361.35pt>
File: fig/ftp2.png Graphic file (type png)
<use fig/ftp2.png>
Package pdftex.def Info: fig/ftp2.png  used on input line 452. on input line 45
2.
Package pdftex.def Info: Requested size: 322.50267pt x 252.94327pt on input lin
e 452.
Package babel Info: Redefining russian shorthand "|
(babel)             in language append on input line 458.
Package babel Info: Redefining russian shorthand "~
(babel)             in language append on input line 458.

Overfull \hbox (1.97281pt too wide) in paragraph at lines 460--461
[]\T2A/cmr/m/n/12 С по-мо-щью ко-ман-ды, ука-зан-ной ни-же, под-клю-ча-ем-ся к 
SMTP-серверу smtp.yandex.ru
 []

Package babel Info: Redefining russian shorthand "|
(babel)             in language append on input line 462.
Package babel Info: Redefining russian shorthand "~
(babel)             in language append on input line 462.
Package babel Info: Redefining russian shorthand "|
(babel)             in language append on input line 462.
Package babel Info: Redefining russian shorthand "~
(babel)             in language append on input line 462.
[22 <./fig/ftp1.png> <./fig/ftp2.png>]
<fig/smtp1.png, id=701, 464.4853pt x 432.86719pt>
File: fig/smtp1.png Graphic file (type png)
<use fig/smtp1.png>
Package pdftex.def Info: fig/smtp1.png  used on input line 468. on input line 4
68.
Package pdftex.def Info: Requested size: 325.1375pt x 303.00496pt on input line
 468.
<fig/smtp2.png, id=702, 428.35031pt x 171.64125pt>
File: fig/smtp2.png Graphic file (type png)
<use fig/smtp2.png>
Package pdftex.def Info: fig/smtp2.png  used on input line 478. on input line 4
78.
Package pdftex.def Info: Requested size: 299.84317pt x 120.14804pt on input lin
e 478.
<fig/smtp_cr.png, id=704, 423.83344pt x 60.97781pt>
File: fig/smtp_cr.png Graphic file (type png)
<use fig/smtp_cr.png>
Package pdftex.def Info: fig/smtp_cr.png  used on input line 488. on input line
 488.
Package pdftex.def Info: Requested size: 296.68137pt x 42.68416pt on input line
 488.
Package babel Info: Redefining russian shorthand "|
(babel)             in language append on input line 493.
Package babel Info: Redefining russian shorthand "~
(babel)             in language append on input line 493.
Package babel Info: Redefining russian shorthand "|
(babel)             in language append on input line 493.
Package babel Info: Redefining russian shorthand "~
(babel)             in language append on input line 493.
 [23 <./fig/smtp1.png> <./fig/smtp2.png>]
<fig/smtp3.png, id=717, 428.35031pt x 128.73094pt>
File: fig/smtp3.png Graphic file (type png)
<use fig/smtp3.png>
Package pdftex.def Info: fig/smtp3.png  used on input line 498. on input line 4
98.
Package pdftex.def Info: Requested size: 299.84317pt x 90.11102pt on input line
 498.
Package babel Info: Redefining russian shorthand "|
(babel)             in language append on input line 506.
Package babel Info: Redefining russian shorthand "~
(babel)             in language append on input line 506.
<fig/pop1.png, id=719, 1080.28593pt x 489.32813pt>
File: fig/pop1.png Graphic file (type png)
<use fig/pop1.png>
Package pdftex.def Info: fig/pop1.png  used on input line 512. on input line 51
2.
Package pdftex.def Info: Requested size: 756.195pt x 342.52734pt on input line 
512.

Overfull \hbox (272.49814pt too wide) in paragraph at lines 512--513
 [] 
 []

Package babel Info: Redefining russian shorthand "|
(babel)             in language append on input line 517.
Package babel Info: Redefining russian shorthand "~
(babel)             in language append on input line 517.
Package babel Info: Redefining russian shorthand "|
(babel)             in language append on input line 517.
Package babel Info: Redefining russian shorthand "~
(babel)             in language append on input line 517.
[24 <./fig/smtp_cr.png> <./fig/smtp3.png>]
<fig/pop2.png, id=730, 338.76563pt x 54.9553pt>
File: fig/pop2.png Graphic file (type png)
<use fig/pop2.png>
Package pdftex.def Info: fig/pop2.png  used on input line 522. on input line 52
2.
Package pdftex.def Info: Requested size: 237.13431pt x 38.46843pt on input line
 522.
<fig/pop3.png, id=733, 423.08063pt x 218.31563pt>
File: fig/pop3.png Graphic file (type png)
<use fig/pop3.png>
Package pdftex.def Info: fig/pop3.png  used on input line 532. on input line 53
2.
Package pdftex.def Info: Requested size: 296.15442pt x 152.81989pt on input lin
e 532.
Package babel Info: Redefining russian shorthand "|
(babel)             in language append on input line 537.
Package babel Info: Redefining russian shorthand "~
(babel)             in language append on input line 537.
Package babel Info: Redefining russian shorthand "|
(babel)             in language append on input line 537.
Package babel Info: Redefining russian shorthand "~
(babel)             in language append on input line 537.
 [25 <./fig/pop1.png> <./fig/pop2.png>]
<fig/pop4.png, id=743, 456.95718pt x 213.79875pt>
File: fig/pop4.png Graphic file (type png)
<use fig/pop4.png>
Package pdftex.def Info: fig/pop4.png  used on input line 540. on input line 54
0.
Package pdftex.def Info: Requested size: 319.86784pt x 149.6581pt on input line
 540.
Package babel Info: Redefining russian shorthand "|
(babel)             in language append on input line 547.
Package babel Info: Redefining russian shorthand "~
(babel)             in language append on input line 547.
Package babel Info: Redefining russian shorthand "|
(babel)             in language append on input line 555.
Package babel Info: Redefining russian shorthand "~
(babel)             in language append on input line 555.
Package babel Info: Redefining russian shorthand "|
(babel)             in language append on input line 555.
Package babel Info: Redefining russian shorthand "~
(babel)             in language append on input line 555.
 [26 <./fig/pop3.png> <./fig/pop4.png>]

Package caption Warning: Unused \captionsetup[table] on input line 63.
See the caption package documentation for explanation.

Package atveryend Info: Empty hook `BeforeClearDocument' on input line 556.
Package babel Info: Redefining russian shorthand "|
(babel)             in language append on input line 556.
Package babel Info: Redefining russian shorthand "~
(babel)             in language append on input line 556.
Package babel Info: Redefining russian shorthand "|
(babel)             in language append on input line 556.
Package babel Info: Redefining russian shorthand "~
(babel)             in language append on input line 556.
[27]
Package atveryend Info: Empty hook `AfterLastShipout' on input line 556.
 (report.aux (titlepage.aux))
Package atveryend Info: Executing hook `AtVeryEndDocument' on input line 556.
Package atveryend Info: Executing hook `AtEndAfterFileList' on input line 556.
Package rerunfilecheck Info: File `report.out' has not changed.
(rerunfilecheck)             Checksum: 95D8742B13486B8C03C0CD4380D2A4FA;5720.
Package atveryend Info: Empty hook `AtVeryVeryEnd' on input line 556.
 ) 
Here is how much of TeX's memory you used:
 14867 strings out of 493312
 211680 string characters out of 3138899
 508881 words of memory out of 3000000
 17663 multiletter control sequences out of 15000+200000
 15980 words of font info for 37 fonts, out of 3000000 for 9000
 1141 hyphenation exceptions out of 8191
 40i,6n,51p,6683b,1088s stack positions out of 5000i,500n,10000p,200000b,50000s
 <C:\Users\Lidia\AppData\Local\MiKTeX\2.9\fonts\pk\ljfour\lh\lh-t2a\dpi600\la
bx1200.pk> <C:\Users\Lidia\AppData\Local\MiKTeX\2.9\fonts\pk\ljfour\lh\lh-t2a\d
pi600\lati1000.pk> <C:\Users\Lidia\AppData\Local\MiKTeX\2.9\fonts\pk\ljfour\lh\
lh-t2a\dpi600\labx1000.pk> <C:\Users\Lidia\AppData\Local\MiKTeX\2.9\fonts\pk\lj
four\lh\lh-t2a\dpi600\larm1000.pk> <C:\Users\Lidia\AppData\Local\MiKTeX\2.9\fon
ts\pk\ljfour\lh\lh-t2a\dpi600\larm1200.pk> <C:\Users\Lidia\AppData\Local\MiKTeX
\2.9\fonts\pk\ljfour\lh\lh-t2a\dpi600\labx1728.pk> <C:\Users\Lidia\AppData\Loca
l\MiKTeX\2.9\fonts\pk\ljfour\lh\lh-t2a\dpi600\labx1440.pk> <C:\Users\Lidia\AppD
ata\Local\MiKTeX\2.9\fonts\pk\ljfour\lh\lh-t2a\dpi600\larm2488.pk> <C:\Users\Li
dia\AppData\Local\MiKTeX\2.9\fonts\pk\ljfour\lh\lh-t2a\dpi600\larm1440.pk><C:/P
rogram Files/MiKTeX 2.9/fonts/type1/public/amsfonts/cm/cmmi10.pfb><C:/Program F
iles/MiKTeX 2.9/fonts/type1/public/amsfonts/cm/cmsy10.pfb>
Output written on report.pdf (28 pages, 737846 bytes).
PDF statistics:
 1363 PDF objects out of 1440 (max. 8388607)
 557 named destinations out of 1000 (max. 500000)
 208 words of extra memory for PDF output out of 10000 (max. 10000000)

